<?xml version="1.0" encoding="UTF-8"?>
<!-- Generated by org.testng.reporters.JUnitReportReporter -->
<testsuite hostname="DESKTOP-GHO9U30" failures="0" tests="1" name="Scenario_component.Login_rediff" time="4.747" errors="0" timestamp="2022-07-11T03:38:48 CEST" skipped="0">
  <testcase classname="Scenario_component.Login_rediff" name="test_Invalid_login" time="4.747"/>
  <system-out/>
</testsuite> <!-- Scenario_component.Login_rediff -->
